<?xml version="1.0" encoding="UTF-8"?>
<!-- Generated by org.testng.reporters.JUnitXMLReporter -->
<testsuite hostname="DELL" name="Default test" tests="4" failures="0" timestamp="14 Oct 2018 04:26:40 GMT" time="0.57" errors="0">
  <testcase name="runScenario" time="0.21" classname="com.comcast.ucAppAutomation.businessDrivenTesting.cucumberOptions.TestRunner"/>
  <testcase name="runScenario" time="0.004" classname="com.comcast.ucAppAutomation.businessDrivenTesting.cucumberOptions.TestRunner"/>
  <testcase name="runScenario" time="0.004" classname="com.comcast.ucAppAutomation.businessDrivenTesting.cucumberOptions.TestRunner"/>
  <testcase name="runScenario" time="0.002" classname="com.comcast.ucAppAutomation.businessDrivenTesting.cucumberOptions.TestRunner"/>
</testsuite> <!-- Default test -->
