<?xml version="1.0" encoding="UTF-8"?>
<!-- Generated by org.testng.reporters.JUnitXMLReporter -->
<testsuite hostname="DELL" name="Login and Update Profile Test" tests="2" failures="0" timestamp="13 Oct 2018 10:18:41 GMT" time="0.53" errors="0">
  <testcase name="runScenario" time="0.22" classname="com.comcast.ucAppAutomation.businessDrivenTesting.cucumberOptions.TestRunner">
    <skipped/>
  </testcase> <!-- runScenario -->
  <testcase name="runScenario" time="0.22" classname="com.comcast.ucAppAutomation.businessDrivenTesting.cucumberOptions.TestRunner">
    <skipped/>
  </testcase> <!-- runScenario -->
</testsuite> <!-- Login and Update Profile Test -->
