<?xml version="1.0" encoding="UTF-8"?>
<!-- Generated by org.testng.reporters.JUnitXMLReporter -->
<testsuite hostname="DELL" name="test2" tests="4" failures="0" timestamp="14 Oct 2018 11:23:38 GMT" time="0.586" errors="0">
  <testcase name="runScenario" time="0.204" classname="com.comcast.ucAppAutomation.businessDrivenTesting.cucumberOptions.TestRunner"/>
  <testcase name="runScenario" time="0.005" classname="com.comcast.ucAppAutomation.businessDrivenTesting.cucumberOptions.TestRunner"/>
  <testcase name="runScenario" time="0.01" classname="com.comcast.ucAppAutomation.businessDrivenTesting.cucumberOptions.TestRunner"/>
  <testcase name="runScenario" time="0.003" classname="com.comcast.ucAppAutomation.businessDrivenTesting.cucumberOptions.TestRunner"/>
</testsuite> <!-- test2 -->
