<?xml version="1.0" encoding="UTF-8"?>
<testsuite name="TestSuite" time="0.484" tests="8" errors="0" skipped="0" failures="0">
  <properties>
[...]
</properties>
  <testcase name="runScenario" classname="com.comcast.ucAppAutomation.businessDrivenTesting.cucumberOptions.TestRunner" time="0.228"/>
  <testcase name="runScenario" classname="com.comcast.ucAppAutomation.businessDrivenTesting.cucumberOptions.TestRunner" time="0.23"/>
  <testcase name="runScenario" classname="com.comcast.ucAppAutomation.businessDrivenTesting.cucumberOptions.TestRunner" time="0.006"/>
  <testcase name="runScenario" classname="com.comcast.ucAppAutomation.businessDrivenTesting.cucumberOptions.TestRunner" time="0.007"/>
  <testcase name="runScenario" classname="com.comcast.ucAppAutomation.businessDrivenTesting.cucumberOptions.TestRunner" time="0.004"/>
  <testcase name="runScenario" classname="com.comcast.ucAppAutomation.businessDrivenTesting.cucumberOptions.TestRunner" time="0.004"/>
  <testcase name="runScenario" classname="com.comcast.ucAppAutomation.businessDrivenTesting.cucumberOptions.TestRunner" time="0.002"/>
  <testcase name="runScenario" classname="com.comcast.ucAppAutomation.businessDrivenTesting.cucumberOptions.TestRunner" time="0.003"/>
</testsuite>