<?xml version="1.0" encoding="UTF-8"?>
<!-- Generated by org.testng.reporters.JUnitXMLReporter -->
<testsuite hostname="DELL" name="test2" tests="4" failures="0" timestamp="14 Oct 2018 11:41:31 GMT" time="0.613" errors="0">
  <testcase name="runScenario" time="0.226" classname="com.comcast.ucAppAutomation.businessDrivenTesting.cucumberOptions.TestRunner"/>
  <testcase name="runScenario" time="0.002" classname="com.comcast.ucAppAutomation.businessDrivenTesting.cucumberOptions.TestRunner"/>
  <testcase name="runScenario" time="0.003" classname="com.comcast.ucAppAutomation.businessDrivenTesting.cucumberOptions.TestRunner"/>
  <testcase name="runScenario" time="0.002" classname="com.comcast.ucAppAutomation.businessDrivenTesting.cucumberOptions.TestRunner"/>
</testsuite> <!-- test2 -->
